<?xml version="1.0" encoding="UTF-8"?>
<testsuite name="com.example.demo.InventoryControllerTest" tests="11" skipped="0" failures="0" errors="0" timestamp="2025-02-19T16:34:58" hostname="PIYUSH-GARG" time="0.408">
  <properties/>
  <testcase name="updateInventoryStockIdNotFoundTest()" classname="com.example.demo.InventoryControllerTest" time="0.28"/>
  <testcase name="updateInventoryTest()" classname="com.example.demo.InventoryControllerTest" time="0.013"/>
  <testcase name="updateInventoryByProductIdTest()" classname="com.example.demo.InventoryControllerTest" time="0.008"/>
  <testcase name="getInventoryByStockIdNotFoundTest()" classname="com.example.demo.InventoryControllerTest" time="0.013"/>
  <testcase name="delteInventoryStockIdNotFoundTest()" classname="com.example.demo.InventoryControllerTest" time="0.007"/>
  <testcase name="getAllInventoryTest()" classname="com.example.demo.InventoryControllerTest" time="0.028"/>
  <testcase name="getInventoryByProductIdTest()" classname="com.example.demo.InventoryControllerTest" time="0.007"/>
  <testcase name="deleteInventoryByProductIdTest()" classname="com.example.demo.InventoryControllerTest" time="0.007"/>
  <testcase name="getInventoryByStockId()" classname="com.example.demo.InventoryControllerTest" time="0.007"/>
  <testcase name="delteInventoryTest()" classname="com.example.demo.InventoryControllerTest" time="0.007"/>
  <testcase name="addInventory()" classname="com.example.demo.InventoryControllerTest" time="0.008"/>
  <system-out><![CDATA[22:04:56.567 [Test worker] INFO org.springframework.test.context.support.AnnotationConfigContextLoaderUtils -- Could not detect default configuration classes for test class [com.example.demo.InventoryControllerTest]: InventoryControllerTest does not declare any static, non-private, non-final, nested classes annotated with @Configuration.
22:04:56.720 [Test worker] INFO org.springframework.boot.test.context.SpringBootTestContextBootstrapper -- Found @SpringBootConfiguration com.example.demo.ProductInventoryApplication for test class com.example.demo.InventoryControllerTest

  .   ____          _            __ _ _
 /\\ / ___'_ __ _ _(_)_ __  __ _ \ \ \ \
( ( )\___ | '_ | '_| | '_ \/ _` | \ \ \ \
 \\/  ___)| |_)| | | | | || (_| |  ) ) ) )
  '  |____| .__|_| |_|_| |_\__, | / / / /
 =========|_|==============|___/=/_/_/_/

 :: Spring Boot ::                (v3.4.2)

2025-02-19T22:04:57.708+05:30  INFO 7024 --- [ProductInventory] [    Test worker] c.example.demo.InventoryControllerTest   : Starting InventoryControllerTest using Java 21.0.5 with PID 7024 (started by PIYUSH_GARG in D:\Data\Documents\Product-Inventory-Management\ProductInventory)
2025-02-19T22:04:57.715+05:30  INFO 7024 --- [ProductInventory] [    Test worker] c.example.demo.InventoryControllerTest   : No active profile set, falling back to 1 default profile: "default"
2025-02-19T22:04:58.803+05:30  INFO 7024 --- [ProductInventory] [    Test worker] c.example.demo.InventoryControllerTest   : Started InventoryControllerTest in 1.386 seconds (process running for 3.254)
]]></system-out>
  <system-err><![CDATA[Mockito is currently self-attaching to enable the inline-mock-maker. This will no longer work in future releases of the JDK. Please add Mockito as an agent to your build what is described in Mockito's documentation: https://javadoc.io/doc/org.mockito/mockito-core/latest/org/mockito/Mockito.html#0.3
WARNING: A Java agent has been loaded dynamically (C:\Users\acer\.gradle\caches\modules-2\files-2.1\net.bytebuddy\byte-buddy-agent\1.15.11\a38b16385e867f59a641330f0362ebe742788ed8\byte-buddy-agent-1.15.11.jar)
WARNING: If a serviceability tool is in use, please run with -XX:+EnableDynamicAgentLoading to hide this warning
WARNING: If a serviceability tool is not in use, please run with -Djdk.instrument.traceUsage for more information
WARNING: Dynamic loading of agents will be disallowed by default in a future release
]]></system-err>
</testsuite>
